SF:lib\database_config.dart
DA:7,0
DA:8,0
DA:11,0
DA:12,0
DA:15,0
DA:16,0
DA:19,0
DA:20,0
LF:8
LH:0
end_of_record
SF:lib\model\model_base.dart
DA:17,0
DA:21,0
LF:2
LH:0
end_of_record
SF:lib\providers\database_provider.dart
DA:7,1
DA:8,2
DA:9,2
DA:10,1
DA:13,0
DA:14,0
LF:6
LH:4
end_of_record
SF:lib\providers\model_provider.dart
DA:11,1
DA:12,1
DA:13,1
DA:17,1
DA:20,2
DA:27,1
DA:28,1
DA:29,1
DA:33,0
DA:39,1
DA:41,2
DA:44,3
DA:48,3
DA:49,3
DA:52,0
DA:56,1
DA:58,2
DA:62,1
DA:63,1
DA:64,1
DA:68,2
DA:74,1
DA:76,2
DA:79,1
DA:80,1
DA:83,2
DA:87,1
DA:89,2
DA:92,1
DA:102,1
DA:103,2
DA:104,1
LF:32
LH:30
end_of_record
SF:lib\test_sqlite_database.dart
DA:12,1
DA:13,1
DA:16,1
DA:18,1
DA:21,2
DA:26,1
DA:27,2
DA:28,2
DA:31,2
LF:9
LH:9
end_of_record
